
ROM used:   75/2048 (4%)
            75/2048 (4%) including unused fragments

            0.1 Average locations per line
            15.0 Average locations per statement

RAM used:   16/224 (7%) at main() level
            16/224 (7%) worst case

Stack used: 1 worst case (1 in main + 0 for interrupts)
Stack size: 8

Lines Stmts  %   Files
----- ----- ---  -----
   24     5 100  display.c
  518     0   0  ..\..\..\..\Program Files (x86)\PICC\Devices\16F628A.h
----- -----
  542     5 Total

Page ROM  %  RAM   Vol Diff  Functions:
---- --- --- ---   --- ----  ----------
0     21  28    1             @delay_ms1
0     50  67   11   301  5.3  main
 Inline         0             @cinit1

Program metrics:
    Functions               1
    Statements              5
    Comments                111
    Volume (V)              305
    Difficulty (D)          5.0
    Effort to implement (E) 1512
    Time to implement (T)   1 minutes
    Est Delivered Bugs (B)  0
    Cyclomatic Complexity   1
    Maintainability (MI)    86

 Segment     Used  Free
-----------  ----  ----
00000-00003     4  0  
00004-007FF    71  1973  



