
ROM used:   55/2048 (3%)
            55/2048 (3%) including unused fragments

            0.1 Average locations per line
            9.2 Average locations per statement

RAM used:   6/224 (3%) at main() level
            7/224 (3%) worst case

Stack used: 1 worst case (1 in main + 0 for interrupts)
Stack size: 8

Lines Stmts  %   Files
----- ----- ---  -----
   14     6 100  pisca.c
  518     0   0  ..\..\..\..\Program Files (x86)\PICC\Devices\16F628A.h
----- -----
  532     6 Total

Page ROM  %  RAM   Vol Diff  Functions:
---- --- --- ---   --- ----  ----------
0     21  38    1             @delay_ms1
0     30  55    1    86  1.6  main
 Inline         0             @cinit1

Program metrics:
    Functions               1
    Statements              6
    Comments                101
    Volume (V)              90
    Difficulty (D)          1.4
    Effort to implement (E) 125
    Time to implement (T)   0 minutes
    Est Delivered Bugs (B)  0
    Cyclomatic Complexity   1
    Maintainability (MI)    125

 Segment     Used  Free
-----------  ----  ----
00000-00003     4  0  
00004-007FF    51  1993  



