
ROM used:   47/2048 (2%)
            47/2048 (2%) including unused fragments

            0.1 Average locations per line
            9.4 Average locations per statement

RAM used:   7/224 (3%) at main() level
            8/224 (4%) worst case

Stack used: 1 worst case (1 in main + 0 for interrupts)
Stack size: 8

Lines Stmts  %   Files
----- ----- ---  -----
   13     5 100  soma.c
  518     0   0  ..\..\..\..\Program Files (x86)\PICC\Devices\16F628A.h
----- -----
  531     5 Total

Page ROM  %  RAM   Vol Diff  Functions:
---- --- --- ---   --- ----  ----------
0     21  45    1             @delay_ms1
0     22  47    2    90  2.5  main
 Inline         0             @cinit1

Program metrics:
    Functions               1
    Statements              5
    Comments                101
    Volume (V)              93
    Difficulty (D)          2.1
    Effort to implement (E) 194
    Time to implement (T)   0 minutes
    Est Delivered Bugs (B)  0
    Cyclomatic Complexity   1
    Maintainability (MI)    128

 Segment     Used  Free
-----------  ----  ----
00000-00003     4  0  
00004-007FF    43  2001  



