CCS PCM C Compiler, Version 5.015, 5967               15-nov-22 02:08

               Filename:   C:\Users\jhona\aprendendo-embarcado\somador\soma.lst

               ROM used:   47 words (2%)
                           Largest free fragment is 2001
               RAM used:   7 (3%) at main() level
                           8 (4%) worst case
               Stack used: 1 locations
               Stack size: 8

*
0000:  MOVLW  00
0001:  MOVWF  0A
0002:  GOTO   019
0003:  NOP
.................... #include <16F628A.h> 
.................... //////////// Standard Header file for the PIC16F628A device //////////////// 
.................... /////////////////////////////////////////////////////////////////////////// 
.................... ////        (C) Copyright 1996, 2013 Custom Computer Services          //// 
.................... //// This source code may only be used by licensed users of the CCS C  //// 
.................... //// compiler.  This source code may only be distributed to other      //// 
.................... //// licensed users of the CCS C compiler.  No other use, reproduction //// 
.................... //// or distribution is permitted without written permission.          //// 
.................... //// Derivative programs created using this software in object code    //// 
.................... //// form are not restricted in any way.                               //// 
.................... /////////////////////////////////////////////////////////////////////////// 
.................... #device PIC16F628A 
....................  
.................... #list 
....................  
.................... #fuses XT, NOWDT, NOPROTECT, NOPUT 
.................... #use delay(clock=4MHz) 
0004:  MOVLW  23
0005:  MOVWF  04
0006:  BCF    03.7
0007:  MOVF   00,W
0008:  BTFSC  03.2
0009:  GOTO   018
000A:  MOVLW  01
000B:  MOVWF  78
000C:  CLRF   77
000D:  DECFSZ 77,F
000E:  GOTO   00D
000F:  DECFSZ 78,F
0010:  GOTO   00C
0011:  MOVLW  4A
0012:  MOVWF  77
0013:  DECFSZ 77,F
0014:  GOTO   013
0015:  GOTO   016
0016:  DECFSZ 00,F
0017:  GOTO   00A
0018:  GOTO   02A (RETURN)
....................  
.................... void main(){ 
0019:  MOVF   03,W
001A:  ANDLW  1F
001B:  MOVWF  03
001C:  MOVLW  07
001D:  MOVWF  1F
001E:  BCF    03.7
001F:  CLRF   21
....................     int saida = 0; 
....................     while (true){ 
....................        output_b(saida); 
0020:  BSF    03.5
0021:  CLRF   06
0022:  BCF    03.5
0023:  MOVF   21,W
0024:  MOVWF  06
....................        delay_ms(1000); 
0025:  MOVLW  04
0026:  MOVWF  22
0027:  MOVLW  FA
0028:  MOVWF  23
0029:  GOTO   004
002A:  DECFSZ 22,F
002B:  GOTO   027
....................        saida++; 
002C:  INCF   21,F
002D:  GOTO   020
....................     } 
.................... } 
002E:  SLEEP

Configuration Fuses:
   Word  1: 3F69   NOWDT NOPUT XT MCLR BROWNOUT NOLVP NOCPD NOPROTECT
